d:\pok3dex\pok3dex\pok3dex\x64\release\vc143.pdb
d:\pok3dex\pok3dex\pok3dex\x64\release\main.obj
d:\pok3dex\pok3dex\x64\release\freeglut.dll
d:\pok3dex\pok3dex\x64\release\freetype.dll
d:\pok3dex\pok3dex\x64\release\zlib1.dll
d:\pok3dex\pok3dex\x64\release\bz2.dll
d:\pok3dex\pok3dex\x64\release\libpng16.dll
d:\pok3dex\pok3dex\x64\release\brotlidec.dll
d:\pok3dex\pok3dex\x64\release\brotlicommon.dll
d:\pok3dex\pok3dex\x64\release\glew32.dll
d:\pok3dex\pok3dex\x64\release\openal32.dll
d:\pok3dex\pok3dex\pok3dex\x64\release\pok3dex.ipdb
d:\pok3dex\pok3dex\pok3dex\x64\release\pok3dex.iobj
d:\pok3dex\pok3dex\x64\release\pok3dex.pdb
d:\pok3dex\pok3dex\x64\release\pok3dex.exe
d:\pok3dex\pok3dex\pok3dex\x64\release\pok3dex.tlog\cl.command.1.tlog
d:\pok3dex\pok3dex\pok3dex\x64\release\pok3dex.tlog\cl.items.tlog
d:\pok3dex\pok3dex\pok3dex\x64\release\pok3dex.tlog\cl.read.1.tlog
d:\pok3dex\pok3dex\pok3dex\x64\release\pok3dex.tlog\cl.write.1.tlog
d:\pok3dex\pok3dex\pok3dex\x64\release\pok3dex.tlog\link.command.1.tlog
d:\pok3dex\pok3dex\pok3dex\x64\release\pok3dex.tlog\link.read.1.tlog
d:\pok3dex\pok3dex\pok3dex\x64\release\pok3dex.tlog\link.secondary.1.tlog
d:\pok3dex\pok3dex\pok3dex\x64\release\pok3dex.tlog\link.write.1.tlog
d:\pok3dex\pok3dex\pok3dex\x64\release\pok3dex.tlog\pok3dex.write.1u.tlog
